<?xml version="1.0" encoding="UTF-8"?>
<!-- Generated by org.testng.reporters.JUnitXMLReporter -->
<testsuite hostname="DESKTOP-6M9B03E" ignored="0" name="Default test" tests="3" failures="0" timestamp="2020-05-19T17:33:16 EDT" time="58.652" errors="0">
  <testcase name="loginToOrangeHR" time="11.067" classname="tests.VerifyLogin"/>
  <testcase name="checkAbout" time="21.243" classname="tests.VerifyLogin"/>
  <testcase name="Logout" time="19.34" classname="tests.VerifyLogin"/>
</testsuite> <!-- Default test -->
