<?xml version="1.0" encoding="UTF-8"?>
<!-- Generated by org.testng.reporters.JUnitXMLReporter -->
<testsuite hostname="DESKTOP-6M9B03E" ignored="0" name="Default test" tests="3" failures="0" timestamp="2020-05-26T09:41:05 EDT" time="65.071" errors="0">
  <testcase name="loginToOrangeHR" time="16.644" classname="tests.VerifyLogin"/>
  <testcase name="checkAbout" time="21.262" classname="tests.VerifyLogin"/>
  <testcase name="Logout" time="19.344" classname="tests.VerifyLogin"/>
</testsuite> <!-- Default test -->
