<?xml version="1.0" encoding="UTF-8"?>
<testng-results skipped="0" failed="0" ignored="0" total="1" passed="1">
  <reporter-output>
    <line>
      <![CDATA[=======setUp Started=======]]>
    </line>
    <line>
      <![CDATA[=======Initializing Chrome Started=======]]>
    </line>
    <line>
      <![CDATA[=======Initializing Chrome Ended=======]]>
    </line>
    <line>
      <![CDATA[=======setUp Ended=======]]>
    </line>
    <line>
      <![CDATA[=======Login Started=======]]>
    </line>
    <line>
      <![CDATA[=======Login Ended=======]]>
    </line>
    <line>
      <![CDATA[=======tearDown Started=======]]>
    </line>
    <line>
      <![CDATA[=======tearDown Ended=======]]>
    </line>
  </reporter-output>
  <suite name="Default suite" duration-ms="17485" started-at="2020-01-28T21:49:41Z" finished-at="2020-01-28T21:49:58Z">
    <groups>
    </groups>
    <test name="Default test" duration-ms="17485" started-at="2020-01-28T21:49:41Z" finished-at="2020-01-28T21:49:58Z">
      <class name="tests.BasicLogin">
        <test-method status="PASS" signature="setUp()[pri:0, instance:tests.BasicLogin@14bf9759]" name="setUp" is-config="true" duration-ms="11196" started-at="2020-01-28T21:49:41Z" finished-at="2020-01-28T21:49:52Z">
          <reporter-output>
            <line>
              <![CDATA[=======setUp Started=======]]>
            </line>
            <line>
              <![CDATA[=======Initializing Chrome Started=======]]>
            </line>
            <line>
              <![CDATA[=======Initializing Chrome Ended=======]]>
            </line>
            <line>
              <![CDATA[=======setUp Ended=======]]>
            </line>
          </reporter-output>
        </test-method> <!-- setUp -->
        <test-method status="PASS" signature="loginToOrangeHR()[pri:0, instance:tests.BasicLogin@14bf9759]" name="loginToOrangeHR" duration-ms="5488" started-at="2020-01-28T21:49:52Z" finished-at="2020-01-28T21:49:58Z">
          <reporter-output>
            <line>
              <![CDATA[=======Login Started=======]]>
            </line>
            <line>
              <![CDATA[=======Login Ended=======]]>
            </line>
          </reporter-output>
        </test-method> <!-- loginToOrangeHR -->
        <test-method status="PASS" signature="tearDown()[pri:0, instance:tests.BasicLogin@14bf9759]" name="tearDown" is-config="true" duration-ms="777" started-at="2020-01-28T21:49:58Z" finished-at="2020-01-28T21:49:58Z">
          <reporter-output>
            <line>
              <![CDATA[=======tearDown Started=======]]>
            </line>
            <line>
              <![CDATA[=======tearDown Ended=======]]>
            </line>
          </reporter-output>
        </test-method> <!-- tearDown -->
      </class> <!-- tests.BasicLogin -->
    </test> <!-- Default test -->
  </suite> <!-- Default suite -->
</testng-results>
